2025-06-03T13:33:24.000+09:00  INFO 19160 --- [comicrental] [restartedMain] t.comicrental.ComicrentalApplication     : Starting ComicrentalApplication using Java 21.0.7 with PID 19160 (C:\tutorial\team_b-2\comicrental\build\classes\java\main started by 3057 in C:\tutorial\team_b-2\comicrental)
2025-06-03T13:33:24.011+09:00  INFO 19160 --- [comicrental] [restartedMain] t.comicrental.ComicrentalApplication     : No active profile set, falling back to 1 default profile: "default"
2025-06-03T13:33:24.215+09:00  INFO 19160 --- [comicrental] [restartedMain] .e.DevToolsPropertyDefaultsPostProcessor : Devtools property defaults active! Set 'spring.devtools.add-properties' to 'false' to disable
2025-06-03T13:33:24.217+09:00  INFO 19160 --- [comicrental] [restartedMain] .e.DevToolsPropertyDefaultsPostProcessor : For additional web related logging consider setting the 'logging.level.web' property to 'DEBUG'
2025-06-03T13:33:26.342+09:00  INFO 19160 --- [comicrental] [restartedMain] .s.d.r.c.RepositoryConfigurationDelegate : Bootstrapping Spring Data JDBC repositories in DEFAULT mode.
2025-06-03T13:33:26.364+09:00  INFO 19160 --- [comicrental] [restartedMain] .s.d.r.c.RepositoryConfigurationDelegate : Finished Spring Data repository scanning in 11 ms. Found 0 JDBC repository interfaces.
2025-06-03T13:33:26.712+09:00  WARN 19160 --- [comicrental] [restartedMain] o.m.s.mapper.ClassPathMapperScanner      : No MyBatis mapper was found in '[teamB.comicrental]' package. Please check your configuration.
2025-06-03T13:33:26.726+09:00  INFO 19160 --- [comicrental] [restartedMain] o.s.cloud.context.scope.GenericScope     : BeanFactory id=3a1145cb-ef8b-3c68-b1f1-9d7edcd47b0e
2025-06-03T13:33:27.686+09:00  INFO 19160 --- [comicrental] [restartedMain] o.s.b.w.embedded.tomcat.TomcatWebServer  : Tomcat initialized with port 8080 (http)
2025-06-03T13:33:27.722+09:00  INFO 19160 --- [comicrental] [restartedMain] o.apache.catalina.core.StandardService   : Starting service [Tomcat]
2025-06-03T13:33:27.723+09:00  INFO 19160 --- [comicrental] [restartedMain] o.apache.catalina.core.StandardEngine    : Starting Servlet engine: [Apache Tomcat/10.1.41]
2025-06-03T13:33:27.797+09:00  INFO 19160 --- [comicrental] [restartedMain] o.a.c.c.C.[Tomcat].[localhost].[/]       : Initializing Spring embedded WebApplicationContext
2025-06-03T13:33:27.798+09:00  INFO 19160 --- [comicrental] [restartedMain] w.s.c.ServletWebServerApplicationContext : Root WebApplicationContext: initialization completed in 3576 ms
2025-06-03T13:33:28.869+09:00  WARN 19160 --- [comicrental] [restartedMain] ion$DefaultTemplateResolverConfiguration : Cannot find template location: classpath:/templates/ (please add some templates, check your Thymeleaf configuration, or set spring.thymeleaf.check-template-location=false)
2025-06-03T13:33:29.421+09:00  INFO 19160 --- [comicrental] [restartedMain] com.zaxxer.hikari.HikariDataSource       : HikariPool-1 - Starting...
2025-06-03T13:33:30.040+09:00  INFO 19160 --- [comicrental] [restartedMain] com.zaxxer.hikari.pool.HikariPool        : HikariPool-1 - Added connection org.postgresql.jdbc.PgConnection@1fca44f2
2025-06-03T13:33:30.047+09:00  INFO 19160 --- [comicrental] [restartedMain] com.zaxxer.hikari.HikariDataSource       : HikariPool-1 - Start completed.
2025-06-03T13:33:30.535+09:00  INFO 19160 --- [comicrental] [restartedMain] o.s.b.d.a.OptionalLiveReloadServer       : LiveReload server is running on port 35729
2025-06-03T13:33:30.786+09:00  INFO 19160 --- [comicrental] [restartedMain] o.s.b.w.embedded.tomcat.TomcatWebServer  : Tomcat started on port 8080 (http) with context path '/'
2025-06-03T13:33:30.832+09:00  INFO 19160 --- [comicrental] [restartedMain] t.comicrental.ComicrentalApplication     : Started ComicrentalApplication in 8.053 seconds (process running for 10.319)
2025-06-03T16:29:14.124+09:00  INFO 19160 --- [comicrental] [http-nio-8080-exec-1] o.a.c.c.C.[Tomcat].[localhost].[/]       : Initializing Spring DispatcherServlet 'dispatcherServlet'
2025-06-03T16:29:14.128+09:00  INFO 19160 --- [comicrental] [http-nio-8080-exec-1] o.s.web.servlet.DispatcherServlet        : Initializing Servlet 'dispatcherServlet'
2025-06-03T16:29:14.145+09:00  INFO 19160 --- [comicrental] [http-nio-8080-exec-1] o.s.web.servlet.DispatcherServlet        : Completed initialization in 16 ms
